0 info it worked if it ends with ok
1 verbose cli [ 'C:\\Program Files (x86)\\nodejs\\node.exe',
1 verbose cli   'C:\\Users\\Rajinda\\AppData\\Roaming\\npm\\node_modules\\npm\\bin\\npm-cli.js',
1 verbose cli   'install',
1 verbose cli   'mongoose-paginate',
1 verbose cli   '--g' ]
2 info using npm@3.7.2
3 info using node@v4.2.6
4 silly loadCurrentTree Starting
5 silly install loadCurrentTree
6 silly install readGlobalPackageData
7 silly fetchPackageMetaData mongoose-paginate
8 silly fetchNamedPackageData mongoose-paginate
9 silly mapToRegistry name mongoose-paginate
10 silly mapToRegistry using default registry
11 silly mapToRegistry registry https://registry.npmjs.org/
12 silly mapToRegistry uri https://registry.npmjs.org/mongoose-paginate
13 verbose request uri https://registry.npmjs.org/mongoose-paginate
14 verbose request no auth needed
15 info attempt registry request try #1 at 12:22:39 PM
16 verbose request id b10488c7a0a11bd1
17 http request GET https://registry.npmjs.org/mongoose-paginate
18 info retry will retry, error on last attempt: Error: socket hang up
19 info attempt registry request try #2 at 12:23:05 PM
20 http request GET https://registry.npmjs.org/mongoose-paginate
21 info retry will retry, error on last attempt: Error: socket hang up
22 info attempt registry request try #3 at 12:24:20 PM
23 http request GET https://registry.npmjs.org/mongoose-paginate
24 silly fetchPackageMetaData Error: socket hang up
24 silly fetchPackageMetaData     at TLSSocket.onHangUp (_tls_wrap.js:1048:19)
24 silly fetchPackageMetaData     at TLSSocket.g (events.js:260:16)
24 silly fetchPackageMetaData     at emitNone (events.js:72:20)
24 silly fetchPackageMetaData     at TLSSocket.emit (events.js:166:7)
24 silly fetchPackageMetaData     at endReadableNT (_stream_readable.js:905:12)
24 silly fetchPackageMetaData     at nextTickCallbackWith2Args (node.js:441:9)
24 silly fetchPackageMetaData     at process._tickCallback (node.js:355:17)
24 silly fetchPackageMetaData  error for mongoose-paginate { [Error: socket hang up] code: 'ECONNRESET' }
25 silly rollbackFailedOptional Starting
26 silly rollbackFailedOptional Finishing
27 silly runTopLevelLifecycles Starting
28 silly runTopLevelLifecycles Finishing
29 silly install printInstalled
30 verbose stack Error: socket hang up
30 verbose stack     at TLSSocket.onHangUp (_tls_wrap.js:1048:19)
30 verbose stack     at TLSSocket.g (events.js:260:16)
30 verbose stack     at emitNone (events.js:72:20)
30 verbose stack     at TLSSocket.emit (events.js:166:7)
30 verbose stack     at endReadableNT (_stream_readable.js:905:12)
30 verbose stack     at nextTickCallbackWith2Args (node.js:441:9)
30 verbose stack     at process._tickCallback (node.js:355:17)
31 verbose cwd I:\Duo Projects\NodeJS\DVP-Engagement
32 error Windows_NT 6.3.9600
33 error argv "C:\\Program Files (x86)\\nodejs\\node.exe" "C:\\Users\\Rajinda\\AppData\\Roaming\\npm\\node_modules\\npm\\bin\\npm-cli.js" "install" "mongoose-paginate" "--g"
34 error node v4.2.6
35 error npm  v3.7.2
36 error code ECONNRESET
37 error network socket hang up
38 error network This is most likely not a problem with npm itself
38 error network and is related to network connectivity.
38 error network In most cases you are behind a proxy or have bad network settings.
38 error network
38 error network If you are behind a proxy, please make sure that the
38 error network 'proxy' config is set properly.  See: 'npm help config'
39 verbose exit [ 1, true ]
